     1                                  section .bss
     2                                  	BUFF_LEN equ 16
     3 00000000 <res 00000010>          	Buff: resb BUFF_LEN
     4                                  
     5                                  section .data
     6                                  	SYS_WRITE equ 1
     7                                  	SYS_READ equ 0
     8                                  	SYS_EXIT equ 60
     9                                  	STDIN equ 0
    10                                  	STDOUT equ 1
    11                                  	STDERR equ 2
    12                                  	ERR_CODE_OK equ 0
    13                                  
    14 00000000 203030203030203030-     	HexStr: db " 00 00 00 00 00 00 00 00 00 00 00 00 00 00 00 00",10
    14 00000009 203030203030203030-
    14 00000012 203030203030203030-
    14 0000001B 203030203030203030-
    14 00000024 203030203030203030-
    14 0000002D 2030300A           
    15                                  	HEX_LEN equ $-HexStr
    16                                  
    17 00000031 303132333435363738-     	HexTable: db "0123456789ABCDEF"
    17 0000003A 39414243444546     
    18                                  
    19                                  section .text
    20                                  
    21                                  	global _start
    22                                  
    23                                  _start:
    24 00000000 90                      	nop
    25                                  
    26                                  Read:
    27 00000001 B800000000              	mov rax, SYS_READ
    28 00000006 BF00000000              	mov rdi, STDIN
    29 0000000B 48BE-                   	mov rsi, Buff
    29 0000000D [0000000000000000] 
    30 00000015 BA10000000              	mov rdx, BUFF_LEN
    31 0000001A 0F05                    	syscall
    32                                  
    33 0000001C 4889C5                  	mov rbp, rax
    34 0000001F 4883F800                	cmp rax, 0
    35 00000023 7460                    	je Exit
    36                                  
    37 00000025 4831C0                  	xor rax, rax
    38                                  
    39 00000028 48BE-                   	mov rsi, Buff
    39 0000002A [0000000000000000] 
    40 00000032 4831C9                  	xor rcx, rcx
    41                                  
    42                                  Scan:
    43 00000035 4889CA                  	mov rdx, rcx
    44 00000038 488D1452                	lea rdx, [rdx*2+rdx]
    45                                  
    46 0000003C 8A040E                  	mov al, byte [rsi+rcx]
    47 0000003F 88C3                    	mov bl, al
    48                                  
    49 00000041 240F                    	and al, 0Fh
    50 00000043 8A80[31000000]          	mov al, byte [HexTable+rax]
    51 00000049 8882[02000000]          	mov byte [HexStr+rdx+2], al
    52                                  
    53 0000004F C0EB04                  	shr bl, 4
    54 00000052 8A9B[31000000]          	mov bl, byte [HexTable+rbx]
    55 00000058 889A[01000000]          	mov byte [HexStr+rdx+1], bl
    56                                  
    57 0000005E 48FFC1                  	inc rcx
    58 00000061 4839E9                  	cmp rcx, rbp
    59 00000064 75CF                    	jne Scan
    60                                  
    61                                  Write:
    62 00000066 B801000000              	mov rax, SYS_WRITE
    63 0000006B BF01000000              	mov rdi, STDOUT
    64 00000070 48BE-                   	mov rsi, HexStr
    64 00000072 [0000000000000000] 
    65 0000007A 4883C203                	add rdx, 3
    66 0000007E 0F05                    	syscall
    67 00000080 E97CFFFFFF              	jmp Read
    68                                  
    69                                  Exit:
    70 00000085 B83C000000              	mov rax, SYS_EXIT
    71 0000008A BF00000000              	mov rdi, ERR_CODE_OK
    72 0000008F 0F05                    	syscall
